2025-12-20 02:34:05 Loading main app package /usr/lib/obsidian/obsidian.asar
2025-12-20 02:34:06 Checking for update using Github
2025-12-20 02:34:06 Success.
2025-12-20 02:34:06 Latest version is 1.10.6
2025-12-20 02:34:06 App is up to date.
2025-12-22 00:28:30 Loading main app package /usr/lib/obsidian/obsidian.asar
2025-12-22 00:28:31 Checking for update using Github
2025-12-22 00:28:32 Failed to check for update using Github (net::ERR_NAME_NOT_RESOLVED)
2025-12-22 00:28:32 Checking for update using obsidian.md
2025-12-22 00:28:32 Failed to check for update using obsidian.md (net::ERR_NAME_NOT_RESOLVED)
2025-12-22 00:32:11 Loading main app package /usr/lib/obsidian/obsidian.asar
2025-12-22 00:32:12 Checking for update using Github
2025-12-22 00:32:13 Failed to check for update using Github (net::ERR_NAME_NOT_RESOLVED)
2025-12-22 00:32:13 Checking for update using obsidian.md
2025-12-22 00:32:13 Failed to check for update using obsidian.md (net::ERR_NAME_NOT_RESOLVED)
2025-12-22 01:32:12 Checking for update using Github
2025-12-22 01:32:12 Success.
2025-12-22 01:32:12 Latest version is 1.10.6
2025-12-22 01:32:12 App is up to date.
2025-12-22 01:37:35 Loading main app package /usr/lib/obsidian/obsidian.asar
2025-12-22 01:37:37 Checking for update using Github
2025-12-22 01:37:42 Failed to check for update using Github (net::ERR_NAME_NOT_RESOLVED)
2025-12-22 01:37:42 Checking for update using obsidian.md
2025-12-22 01:37:48 Failed to check for update using obsidian.md (net::ERR_NAME_NOT_RESOLVED)
2025-12-22 01:52:08 Loading main app package /usr/lib/obsidian/obsidian.asar
2025-12-22 01:52:10 Checking for update using Github
2025-12-22 01:52:10 Success.
2025-12-22 01:52:10 Latest version is 1.10.6
2025-12-22 01:52:10 App is up to date.
2025-12-22 01:55:55 Loading main app package /usr/lib/obsidian/obsidian.asar
2025-12-22 01:55:57 Checking for update using Github
2025-12-22 01:55:57 Success.
2025-12-22 01:55:57 Latest version is 1.10.6
2025-12-22 01:55:57 App is up to date.
